<?xml version="1.0" encoding="UTF-8"?>
<!-- Generated by org.testng.reporters.JUnitReportReporter -->
<testsuite hostname="MAA-5CG6053R41" name="example.NewTest" tests="1" failures="0" timestamp="16 Mar 2017 08:33:55 GMT" time="5.632" errors="0">
  <testcase name="testEasy" time="5.632" classname="example.NewTest"/>
</testsuite> <!-- example.NewTest -->
